  Character.cpp
C:\Users\harve\Desktop\Game Engine Creation Protfolio\MarioProject\MarioProject\Mario\Mario\Character.h(30,47): warning C4244: 'argument': conversion from 'int' to 'float', possible loss of data
C:\Users\harve\Desktop\Game Engine Creation Protfolio\MarioProject\MarioProject\Mario\Mario\Character.h(30,23): warning C4244: 'argument': conversion from 'int' to 'float', possible loss of data
  CharacterLuigi.cpp
C:\Users\harve\Desktop\Game Engine Creation Protfolio\MarioProject\MarioProject\Mario\Mario\Character.h(30,47): warning C4244: 'argument': conversion from 'int' to 'float', possible loss of data
C:\Users\harve\Desktop\Game Engine Creation Protfolio\MarioProject\MarioProject\Mario\Mario\Character.h(30,23): warning C4244: 'argument': conversion from 'int' to 'float', possible loss of data
  CharacterMario.cpp
C:\Users\harve\Desktop\Game Engine Creation Protfolio\MarioProject\MarioProject\Mario\Mario\Character.h(30,47): warning C4244: 'argument': conversion from 'int' to 'float', possible loss of data
C:\Users\harve\Desktop\Game Engine Creation Protfolio\MarioProject\MarioProject\Mario\Mario\Character.h(30,23): warning C4244: 'argument': conversion from 'int' to 'float', possible loss of data
  Collisions.cpp
C:\Users\harve\Desktop\Game Engine Creation Protfolio\MarioProject\MarioProject\Mario\Mario\Character.h(30,47): warning C4244: 'argument': conversion from 'int' to 'float', possible loss of data
C:\Users\harve\Desktop\Game Engine Creation Protfolio\MarioProject\MarioProject\Mario\Mario\Character.h(30,23): warning C4244: 'argument': conversion from 'int' to 'float', possible loss of data
  GameScreenLevel1.cpp
C:\Users\harve\Desktop\Game Engine Creation Protfolio\MarioProject\MarioProject\Mario\Mario\Character.h(30,47): warning C4244: 'argument': conversion from 'int' to 'float', possible loss of data
C:\Users\harve\Desktop\Game Engine Creation Protfolio\MarioProject\MarioProject\Mario\Mario\Character.h(30,23): warning C4244: 'argument': conversion from 'int' to 'float', possible loss of data
  GameScreenManager.cpp
C:\Users\harve\Desktop\Game Engine Creation Protfolio\MarioProject\MarioProject\Mario\Mario\Character.h(30,47): warning C4244: 'argument': conversion from 'int' to 'float', possible loss of data
C:\Users\harve\Desktop\Game Engine Creation Protfolio\MarioProject\MarioProject\Mario\Mario\Character.h(30,23): warning C4244: 'argument': conversion from 'int' to 'float', possible loss of data
  Generating Code...
C:\Users\harve\Desktop\Game Engine Creation Protfolio\MarioProject\MarioProject\Mario\Mario\GameScreenLevel1.cpp(46): warning C4715: 'GameScreenLevel1::SetUpLevel': not all control paths return a value
  Mario.vcxproj -> C:\Users\harve\Desktop\Game Engine Creation Protfolio\MarioProject\MarioProject\Mario\Debug\Mario.exe
