c:\users\harve\desktop\game engine creation protfolio\marioproject\marioproject\mario\mario\debug\vc142.pdb
c:\users\harve\desktop\game engine creation protfolio\marioproject\marioproject\mario\mario\debug\vc142.idb
c:\users\harve\desktop\game engine creation protfolio\marioproject\marioproject\mario\mario\debug\levelmap.obj
c:\users\harve\desktop\game engine creation protfolio\marioproject\marioproject\mario\mario\debug\gamescreenmanager.obj
c:\users\harve\desktop\game engine creation protfolio\marioproject\marioproject\mario\mario\debug\gamescreenlevel1.obj
c:\users\harve\desktop\game engine creation protfolio\marioproject\marioproject\mario\mario\debug\collisions.obj
c:\users\harve\desktop\game engine creation protfolio\marioproject\marioproject\mario\mario\debug\charactermario.obj
c:\users\harve\desktop\game engine creation protfolio\marioproject\marioproject\mario\mario\debug\characterluigi.obj
c:\users\harve\desktop\game engine creation protfolio\marioproject\marioproject\mario\mario\debug\character.obj
c:\users\harve\desktop\game engine creation protfolio\marioproject\marioproject\mario\mario\debug\mario.obj
c:\users\harve\desktop\game engine creation protfolio\marioproject\marioproject\mario\mario\debug\texture2d.obj
c:\users\harve\desktop\game engine creation protfolio\marioproject\marioproject\mario\mario\debug\gamescreen.obj
c:\users\harve\desktop\game engine creation protfolio\marioproject\marioproject\mario\mario\debug\powblock.obj
c:\users\harve\desktop\game engine creation protfolio\marioproject\marioproject\mario\mario\debug\koopa.obj
c:\users\harve\desktop\game engine creation protfolio\marioproject\marioproject\mario\mario\debug\startscreen.obj
c:\users\harve\desktop\game engine creation protfolio\marioproject\marioproject\mario\debug\mario.exe
c:\users\harve\desktop\game engine creation protfolio\marioproject\marioproject\mario\debug\mario.ilk
c:\users\harve\desktop\game engine creation protfolio\marioproject\marioproject\mario\debug\mario.pdb
c:\users\harve\desktop\game engine creation protfolio\marioproject\marioproject\mario\mario\debug\mario.tlog\cl.command.1.tlog
c:\users\harve\desktop\game engine creation protfolio\marioproject\marioproject\mario\mario\debug\mario.tlog\cl.read.1.tlog
c:\users\harve\desktop\game engine creation protfolio\marioproject\marioproject\mario\mario\debug\mario.tlog\cl.write.1.tlog
c:\users\harve\desktop\game engine creation protfolio\marioproject\marioproject\mario\mario\debug\mario.tlog\link.command.1.tlog
c:\users\harve\desktop\game engine creation protfolio\marioproject\marioproject\mario\mario\debug\mario.tlog\link.read.1.tlog
c:\users\harve\desktop\game engine creation protfolio\marioproject\marioproject\mario\mario\debug\mario.tlog\link.write.1.tlog
